<?xml version="1.0" encoding="UTF-8" ?>
<testsuite tests="6" failures="0" name="runner.TestRunner" time="0.011" errors="0" skipped="0">
  <properties>
[...]
</properties>
  <testcase classname="Scenario: Validate User is on facebook login page." name="Given User is on login page" time="0.008"/>
  <testcase classname="Scenario: Validate User is on facebook login page." name="When User enters &quot;Invalid User&quot; as UserName" time="0"/>
  <testcase classname="Scenario: Validate User is on facebook login page." name="And User enters &quot;Invalid Password&quot; as Password" time="0.001"/>
  <testcase classname="Scenario: Validate User is on facebook login page." name="And User clicks on LoginButton" time="0.002"/>
  <testcase classname="Scenario: Validate User is on facebook login page." name="Then User navigates to &quot;https://www.facebook.com/login/device-based/regular/login/?login_attempt=1&amp;lwv=110&quot;" time="0"/>
  <testcase classname="Scenario: Validate User is on facebook login page." name="Scenario: Validate User is on facebook login page." time="0"/>
</testsuite>